This file contains any messages produced by compilers while
running configure, to aid debugging if configure makes a mistake.

It was created by libatomic_ops configure 7.4.0, which was
generated by GNU Autoconf 2.69.  Invocation command line was

  $ ./configure --prefix=/mnt/ssd/terry/workspace/atlas/libs/libatomic_ops-7.4.0-build

## --------- ##
## Platform. ##
## --------- ##

hostname = 104-1
uname -m = x86_64
uname -r = 3.16.7-ckt14
uname -s = Linux
uname -v = #1 SMP Fri Jul 31 17:09:01 PDT 2015

/usr/bin/uname -p = unknown
/bin/uname -X     = unknown

/bin/arch              = unknown
/usr/bin/arch -k       = unknown
/usr/convex/getsysinfo = unknown
/usr/bin/hostinfo      = unknown
/bin/machine           = unknown
/usr/bin/oslevel       = unknown
/bin/universe          = unknown

PATH: /usr/local/sbin
PATH: /usr/local/bin
PATH: /usr/sbin
PATH: /usr/bin
PATH: /sbin
PATH: /bin
PATH: /usr/games
PATH: /usr/local/games


## ----------- ##
## Core tests. ##
## ----------- ##

configure:2182: checking build system type
configure:2196: result: x86_64-unknown-linux-gnu
configure:2216: checking host system type
configure:2229: result: x86_64-unknown-linux-gnu
configure:2249: checking target system type
configure:2262: result: x86_64-unknown-linux-gnu
configure:2306: checking for a BSD-compatible install
configure:2374: result: /usr/bin/install -c
configure:2385: checking whether build environment is sane
configure:2440: result: yes
configure:2591: checking for a thread-safe mkdir -p
configure:2630: result: /bin/mkdir -p
configure:2637: checking for gawk
configure:2653: found /usr/bin/gawk
configure:2664: result: gawk
configure:2675: checking whether make sets $(MAKE)
configure:2697: result: yes
configure:2726: checking whether make supports nested variables
configure:2743: result: yes
configure:2828: checking whether to enable maintainer-specific portions of Makefiles
configure:2837: result: no
configure:2867: checking for style of include used by make
configure:2895: result: GNU
configure:2966: checking for gcc
configure:2982: found /usr/bin/gcc
configure:2993: result: gcc
configure:3222: checking for C compiler version
configure:3231: gcc --version >&5
gcc (Ubuntu 4.8.4-2ubuntu1~14.04) 4.8.4
Copyright (C) 2013 Free Software Foundation, Inc.
This is free software; see the source for copying conditions.  There is NO
warranty; not even for MERCHANTABILITY or FITNESS FOR A PARTICULAR PURPOSE.

configure:3242: $? = 0
configure:3231: gcc -v >&5
Using built-in specs.
COLLECT_GCC=gcc
COLLECT_LTO_WRAPPER=/usr/lib/gcc/x86_64-linux-gnu/4.8/lto-wrapper
Target: x86_64-linux-gnu
Configured with: ../src/configure -v --with-pkgversion='Ubuntu 4.8.4-2ubuntu1~14.04' --with-bugurl=file:///usr/share/doc/gcc-4.8/README.Bugs --enable-languages=c,c++,java,go,d,fortran,objc,obj-c++ --prefix=/usr --program-suffix=-4.8 --enable-shared --enable-linker-build-id --libexecdir=/usr/lib --without-included-gettext --enable-threads=posix --with-gxx-include-dir=/usr/include/c++/4.8 --libdir=/usr/lib --enable-nls --with-sysroot=/ --enable-clocale=gnu --enable-libstdcxx-debug --enable-libstdcxx-time=yes --enable-gnu-unique-object --disable-libmudflap --enable-plugin --with-system-zlib --disable-browser-plugin --enable-java-awt=gtk --enable-gtk-cairo --with-java-home=/usr/lib/jvm/java-1.5.0-gcj-4.8-amd64/jre --enable-java-home --with-jvm-root-dir=/usr/lib/jvm/java-1.5.0-gcj-4.8-amd64 --with-jvm-jar-dir=/usr/lib/jvm-exports/java-1.5.0-gcj-4.8-amd64 --with-arch-directory=amd64 --with-ecj-jar=/usr/share/java/eclipse-ecj.jar --enable-objc-gc --enable-multiarch --disable-werror --with-arch-32=i686 --with-abi=m64 --with-multilib-list=m32,m64,mx32 --with-tune=generic --enable-checking=release --build=x86_64-linux-gnu --host=x86_64-linux-gnu --target=x86_64-linux-gnu
Thread model: posix
gcc version 4.8.4 (Ubuntu 4.8.4-2ubuntu1~14.04) 
configure:3242: $? = 0
configure:3231: gcc -V >&5
gcc: error: unrecognized command line option '-V'
gcc: fatal error: no input files
compilation terminated.
configure:3242: $? = 4
configure:3231: gcc -qversion >&5
gcc: error: unrecognized command line option '-qversion'
gcc: fatal error: no input files
compilation terminated.
configure:3242: $? = 4
configure:3262: checking whether the C compiler works
configure:3284: gcc    conftest.c  >&5
configure:3288: $? = 0
configure:3336: result: yes
configure:3339: checking for C compiler default output file name
configure:3341: result: a.out
configure:3347: checking for suffix of executables
configure:3354: gcc -o conftest    conftest.c  >&5
configure:3358: $? = 0
configure:3380: result: 
configure:3402: checking whether we are cross compiling
configure:3410: gcc -o conftest    conftest.c  >&5
configure:3414: $? = 0
configure:3421: ./conftest
configure:3425: $? = 0
configure:3440: result: no
configure:3445: checking for suffix of object files
configure:3467: gcc -c   conftest.c >&5
configure:3471: $? = 0
configure:3492: result: o
configure:3496: checking whether we are using the GNU C compiler
configure:3515: gcc -c   conftest.c >&5
configure:3515: $? = 0
configure:3524: result: yes
configure:3533: checking whether gcc accepts -g
configure:3553: gcc -c -g  conftest.c >&5
configure:3553: $? = 0
configure:3594: result: yes
configure:3611: checking for gcc option to accept ISO C89
configure:3674: gcc  -c -g -O2  conftest.c >&5
configure:3674: $? = 0
configure:3687: result: none needed
configure:3709: checking dependency style of gcc
configure:3820: result: gcc3
configure:3836: checking whether gcc and cc understand -c and -o together
configure:3867: gcc -c conftest.c -o conftest2.o >&5
configure:3871: $? = 0
configure:3877: gcc -c conftest.c -o conftest2.o >&5
configure:3881: $? = 0
configure:3892: cc -c conftest.c >&5
configure:3896: $? = 0
configure:3904: cc -c conftest.c -o conftest2.o >&5
configure:3908: $? = 0
configure:3914: cc -c conftest.c -o conftest2.o >&5
configure:3918: $? = 0
configure:3936: result: yes
configure:3970: checking dependency style of gcc
configure:4079: result: gcc3
configure:4140: checking how to print strings
configure:4167: result: printf
configure:4188: checking for a sed that does not truncate output
configure:4252: result: /bin/sed
configure:4270: checking for grep that handles long lines and -e
configure:4328: result: /bin/grep
configure:4333: checking for egrep
configure:4395: result: /bin/grep -E
configure:4400: checking for fgrep
configure:4462: result: /bin/grep -F
configure:4497: checking for ld used by gcc
configure:4564: result: /usr/bin/ld
configure:4571: checking if the linker (/usr/bin/ld) is GNU ld
configure:4586: result: yes
configure:4598: checking for BSD- or MS-compatible name lister (nm)
configure:4647: result: /usr/bin/nm -B
configure:4777: checking the name lister (/usr/bin/nm -B) interface
configure:4784: gcc -c -g -O2  conftest.c >&5
configure:4787: /usr/bin/nm -B "conftest.o"
configure:4790: output
0000000000000000 B some_variable
configure:4797: result: BSD nm
configure:4800: checking whether ln -s works
configure:4804: result: yes
configure:4812: checking the maximum length of command line arguments
configure:4942: result: 1572864
configure:4959: checking whether the shell understands some XSI constructs
configure:4969: result: yes
configure:4973: checking whether the shell understands "+="
configure:4979: result: yes
configure:5014: checking how to convert x86_64-unknown-linux-gnu file names to x86_64-unknown-linux-gnu format
configure:5054: result: func_convert_file_noop
configure:5061: checking how to convert x86_64-unknown-linux-gnu file names to toolchain format
configure:5081: result: func_convert_file_noop
configure:5088: checking for /usr/bin/ld option to reload object files
configure:5095: result: -r
configure:5169: checking for objdump
configure:5185: found /usr/bin/objdump
configure:5196: result: objdump
configure:5228: checking how to recognize dependent libraries
configure:5430: result: pass_all
configure:5515: checking for dlltool
configure:5545: result: no
configure:5575: checking how to associate runtime and link libraries
configure:5602: result: printf %s\n
configure:5663: checking for ar
configure:5679: found /usr/bin/ar
configure:5690: result: ar
configure:5727: checking for archiver @FILE support
configure:5744: gcc -c -g -O2  conftest.c >&5
configure:5744: $? = 0
configure:5747: ar cru libconftest.a @conftest.lst >&5
configure:5750: $? = 0
configure:5755: ar cru libconftest.a @conftest.lst >&5
ar: conftest.o: No such file or directory
configure:5758: $? = 1
configure:5770: result: @
configure:5828: checking for strip
configure:5844: found /usr/bin/strip
configure:5855: result: strip
configure:5927: checking for ranlib
configure:5943: found /usr/bin/ranlib
configure:5954: result: ranlib
configure:6056: checking command to parse /usr/bin/nm -B output from gcc object
configure:6176: gcc -c -g -O2  conftest.c >&5
configure:6179: $? = 0
configure:6183: /usr/bin/nm -B conftest.o \| sed -n -e 's/^.*[ ]\([ABCDGIRSTW][ABCDGIRSTW]*\)[ ][ ]*\([_A-Za-z][_A-Za-z0-9]*\)$/\1 \2 \2/p' | sed '/ __gnu_lto/d' \> conftest.nm
configure:6186: $? = 0
configure:6252: gcc -o conftest -g -O2   conftest.c conftstm.o >&5
configure:6255: $? = 0
configure:6293: result: ok
configure:6330: checking for sysroot
configure:6360: result: no
configure:6437: gcc -c -g -O2  conftest.c >&5
configure:6440: $? = 0
configure:6616: checking for mt
configure:6632: found /bin/mt
configure:6643: result: mt
configure:6666: checking if mt is a manifest tool
configure:6672: mt '-?'
configure:6680: result: no
configure:7322: checking how to run the C preprocessor
configure:7353: gcc -E  conftest.c
configure:7353: $? = 0
configure:7367: gcc -E  conftest.c
conftest.c:11:28: fatal error: ac_nonexistent.h: No such file or directory
 #include <ac_nonexistent.h>
                            ^
compilation terminated.
configure:7367: $? = 1
configure: failed program was:
| /* confdefs.h */
| #define PACKAGE_NAME "libatomic_ops"
| #define PACKAGE_TARNAME "libatomic_ops"
| #define PACKAGE_VERSION "7.4.0"
| #define PACKAGE_STRING "libatomic_ops 7.4.0"
| #define PACKAGE_BUGREPORT "gc@linux.hpl.hp.com"
| #define PACKAGE_URL ""
| #define PACKAGE "libatomic_ops"
| #define VERSION "7.4.0"
| /* end confdefs.h.  */
| #include <ac_nonexistent.h>
configure:7392: result: gcc -E
configure:7412: gcc -E  conftest.c
configure:7412: $? = 0
configure:7426: gcc -E  conftest.c
conftest.c:11:28: fatal error: ac_nonexistent.h: No such file or directory
 #include <ac_nonexistent.h>
                            ^
compilation terminated.
configure:7426: $? = 1
configure: failed program was:
| /* confdefs.h */
| #define PACKAGE_NAME "libatomic_ops"
| #define PACKAGE_TARNAME "libatomic_ops"
| #define PACKAGE_VERSION "7.4.0"
| #define PACKAGE_STRING "libatomic_ops 7.4.0"
| #define PACKAGE_BUGREPORT "gc@linux.hpl.hp.com"
| #define PACKAGE_URL ""
| #define PACKAGE "libatomic_ops"
| #define VERSION "7.4.0"
| /* end confdefs.h.  */
| #include <ac_nonexistent.h>
configure:7455: checking for ANSI C header files
configure:7475: gcc -c -g -O2  conftest.c >&5
configure:7475: $? = 0
configure:7548: gcc -o conftest -g -O2   conftest.c  >&5
configure:7548: $? = 0
configure:7548: ./conftest
configure:7548: $? = 0
configure:7559: result: yes
configure:7572: checking for sys/types.h
configure:7572: gcc -c -g -O2  conftest.c >&5
configure:7572: $? = 0
configure:7572: result: yes
configure:7572: checking for sys/stat.h
configure:7572: gcc -c -g -O2  conftest.c >&5
configure:7572: $? = 0
configure:7572: result: yes
configure:7572: checking for stdlib.h
configure:7572: gcc -c -g -O2  conftest.c >&5
configure:7572: $? = 0
configure:7572: result: yes
configure:7572: checking for string.h
configure:7572: gcc -c -g -O2  conftest.c >&5
configure:7572: $? = 0
configure:7572: result: yes
configure:7572: checking for memory.h
configure:7572: gcc -c -g -O2  conftest.c >&5
configure:7572: $? = 0
configure:7572: result: yes
configure:7572: checking for strings.h
configure:7572: gcc -c -g -O2  conftest.c >&5
configure:7572: $? = 0
configure:7572: result: yes
configure:7572: checking for inttypes.h
configure:7572: gcc -c -g -O2  conftest.c >&5
configure:7572: $? = 0
configure:7572: result: yes
configure:7572: checking for stdint.h
configure:7572: gcc -c -g -O2  conftest.c >&5
configure:7572: $? = 0
configure:7572: result: yes
configure:7572: checking for unistd.h
configure:7572: gcc -c -g -O2  conftest.c >&5
configure:7572: $? = 0
configure:7572: result: yes
configure:7586: checking for dlfcn.h
configure:7586: gcc -c -g -O2  conftest.c >&5
configure:7586: $? = 0
configure:7586: result: yes
configure:7791: checking for objdir
configure:7806: result: .libs
configure:8077: checking if gcc supports -fno-rtti -fno-exceptions
configure:8095: gcc -c -g -O2  -fno-rtti -fno-exceptions conftest.c >&5
cc1: warning: command line option '-fno-rtti' is valid for C++/ObjC++ but not for C [enabled by default]
configure:8099: $? = 0
configure:8112: result: no
configure:8439: checking for gcc option to produce PIC
configure:8446: result: -fPIC -DPIC
configure:8454: checking if gcc PIC flag -fPIC -DPIC works
configure:8472: gcc -c -g -O2  -fPIC -DPIC -DPIC conftest.c >&5
configure:8476: $? = 0
configure:8489: result: yes
configure:8518: checking if gcc static flag -static works
configure:8546: result: yes
configure:8561: checking if gcc supports -c -o file.o
configure:8582: gcc -c -g -O2  -o out/conftest2.o conftest.c >&5
configure:8586: $? = 0
configure:8608: result: yes
configure:8616: checking if gcc supports -c -o file.o
configure:8663: result: yes
configure:8696: checking whether the gcc linker (/usr/bin/ld -m elf_x86_64) supports shared libraries
configure:9849: result: yes
configure:10089: checking dynamic linker characteristics
configure:10600: gcc -o conftest -g -O2   -Wl,-rpath -Wl,/foo conftest.c  >&5
configure:10600: $? = 0
configure:10822: result: GNU/Linux ld.so
configure:10929: checking how to hardcode library paths into programs
configure:10954: result: immediate
configure:11494: checking whether stripping libraries is possible
configure:11499: result: yes
configure:11534: checking if libtool supports shared libraries
configure:11536: result: yes
configure:11539: checking whether to build shared libraries
configure:11560: result: no
configure:11563: checking whether to build static libraries
configure:11567: result: yes
configure:11612: checking for stdlib.h
configure:11612: result: yes
configure:11612: checking for unistd.h
configure:11612: result: yes
configure:11612: checking for sys/param.h
configure:11612: gcc -c -g -O2  conftest.c >&5
configure:11612: $? = 0
configure:11612: result: yes
configure:11632: checking for getpagesize
configure:11632: gcc -o conftest -g -O2   conftest.c  >&5
configure:11632: $? = 0
configure:11632: result: yes
configure:11641: checking for working mmap
configure:11788: gcc -o conftest -g -O2   conftest.c  >&5
configure:11788: $? = 0
configure:11788: ./conftest
configure:11788: $? = 0
configure:11798: result: yes
configure:11811: checking for PIC compiler flag
configure:11821: result: -fPIC
configure:11824: checking whether gcc -fPIC causes __PIC__ definition
configure:11844: gcc -c -fPIC -g -O2  conftest.c >&5
configure:11844: $? = 0
configure:11851: result: yes
configure:11862: checking for gcc -Wextra
configure:11877: gcc -c -Wextra -g -O2  conftest.c >&5
configure:11877: $? = 0
configure:11884: result: yes
configure:11964: checking for pthread_self in -lpthread
configure:11989: gcc -o conftest -Wall -Wextra -g -O2   conftest.c -lpthread   >&5
configure:11989: $? = 0
configure:11998: result: yes
configure:12167: checking that generated files are newer than configure
configure:12173: result: done
configure:12212: creating ./config.status

## ---------------------- ##
## Running config.status. ##
## ---------------------- ##

This file was extended by libatomic_ops config.status 7.4.0, which was
generated by GNU Autoconf 2.69.  Invocation command line was

  CONFIG_FILES    = 
  CONFIG_HEADERS  = 
  CONFIG_LINKS    = 
  CONFIG_COMMANDS = 
  $ ./config.status 

on 104-1

config.status:1116: creating Makefile
config.status:1116: creating doc/Makefile
config.status:1116: creating src/Makefile
config.status:1116: creating tests/Makefile
config.status:1116: creating pkgconfig/atomic_ops.pc
config.status:1116: creating pkgconfig/atomic_ops-uninstalled.pc
config.status:1116: creating src/config.h
config.status:1297: src/config.h is unchanged
config.status:1345: executing depfiles commands
config.status:1345: executing libtool commands
config.status:1345: executing default commands

## ---------------- ##
## Cache variables. ##
## ---------------- ##

ac_cv_build=x86_64-unknown-linux-gnu
ac_cv_c_compiler_gnu=yes
ac_cv_cc_wextra=yes
ac_cv_env_CCASFLAGS_set=
ac_cv_env_CCASFLAGS_value=
ac_cv_env_CCAS_set=
ac_cv_env_CCAS_value=
ac_cv_env_CC_set=
ac_cv_env_CC_value=
ac_cv_env_CFLAGS_set=
ac_cv_env_CFLAGS_value=
ac_cv_env_CPPFLAGS_set=
ac_cv_env_CPPFLAGS_value=
ac_cv_env_CPP_set=
ac_cv_env_CPP_value=
ac_cv_env_LDFLAGS_set=
ac_cv_env_LDFLAGS_value=
ac_cv_env_LIBS_set=
ac_cv_env_LIBS_value=
ac_cv_env_build_alias_set=
ac_cv_env_build_alias_value=
ac_cv_env_host_alias_set=
ac_cv_env_host_alias_value=
ac_cv_env_target_alias_set=
ac_cv_env_target_alias_value=
ac_cv_func_getpagesize=yes
ac_cv_func_mmap_fixed_mapped=yes
ac_cv_header_dlfcn_h=yes
ac_cv_header_inttypes_h=yes
ac_cv_header_memory_h=yes
ac_cv_header_stdc=yes
ac_cv_header_stdint_h=yes
ac_cv_header_stdlib_h=yes
ac_cv_header_string_h=yes
ac_cv_header_strings_h=yes
ac_cv_header_sys_param_h=yes
ac_cv_header_sys_stat_h=yes
ac_cv_header_sys_types_h=yes
ac_cv_header_unistd_h=yes
ac_cv_host=x86_64-unknown-linux-gnu
ac_cv_lib_pthread_pthread_self=yes
ac_cv_objext=o
ac_cv_path_EGREP='/bin/grep -E'
ac_cv_path_FGREP='/bin/grep -F'
ac_cv_path_GREP=/bin/grep
ac_cv_path_SED=/bin/sed
ac_cv_path_install='/usr/bin/install -c'
ac_cv_path_mkdir=/bin/mkdir
ac_cv_pic_macro=yes
ac_cv_prog_AWK=gawk
ac_cv_prog_CPP='gcc -E'
ac_cv_prog_ac_ct_AR=ar
ac_cv_prog_ac_ct_CC=gcc
ac_cv_prog_ac_ct_MANIFEST_TOOL=mt
ac_cv_prog_ac_ct_OBJDUMP=objdump
ac_cv_prog_ac_ct_RANLIB=ranlib
ac_cv_prog_ac_ct_STRIP=strip
ac_cv_prog_cc_c89=
ac_cv_prog_cc_g=yes
ac_cv_prog_cc_gcc_c_o=yes
ac_cv_prog_make_make_set=yes
ac_cv_target=x86_64-unknown-linux-gnu
am_cv_CCAS_dependencies_compiler_type=gcc3
am_cv_CC_dependencies_compiler_type=gcc3
am_cv_make_support_nested_variables=yes
lt_cv_ar_at_file=@
lt_cv_deplibs_check_method=pass_all
lt_cv_file_magic_cmd='$MAGIC_CMD'
lt_cv_file_magic_test_file=
lt_cv_ld_reload_flag=-r
lt_cv_nm_interface='BSD nm'
lt_cv_objdir=.libs
lt_cv_path_LD=/usr/bin/ld
lt_cv_path_NM='/usr/bin/nm -B'
lt_cv_path_mainfest_tool=no
lt_cv_prog_compiler_c_o=yes
lt_cv_prog_compiler_pic='-fPIC -DPIC'
lt_cv_prog_compiler_pic_works=yes
lt_cv_prog_compiler_rtti_exceptions=no
lt_cv_prog_compiler_static_works=yes
lt_cv_prog_gnu_ld=yes
lt_cv_sharedlib_from_linklib_cmd='printf %s\n'
lt_cv_shlibpath_overrides_runpath=no
lt_cv_sys_global_symbol_pipe='sed -n -e '\''s/^.*[	 ]\([ABCDGIRSTW][ABCDGIRSTW]*\)[	 ][	 ]*\([_A-Za-z][_A-Za-z0-9]*\)$/\1 \2 \2/p'\'' | sed '\''/ __gnu_lto/d'\'''
lt_cv_sys_global_symbol_to_c_name_address='sed -n -e '\''s/^: \([^ ]*\)[ ]*$/  {\"\1\", (void *) 0},/p'\'' -e '\''s/^[ABCDGIRSTW]* \([^ ]*\) \([^ ]*\)$/  {"\2", (void *) \&\2},/p'\'''
lt_cv_sys_global_symbol_to_c_name_address_lib_prefix='sed -n -e '\''s/^: \([^ ]*\)[ ]*$/  {\"\1\", (void *) 0},/p'\'' -e '\''s/^[ABCDGIRSTW]* \([^ ]*\) \(lib[^ ]*\)$/  {"\2", (void *) \&\2},/p'\'' -e '\''s/^[ABCDGIRSTW]* \([^ ]*\) \([^ ]*\)$/  {"lib\2", (void *) \&\2},/p'\'''
lt_cv_sys_global_symbol_to_cdecl='sed -n -e '\''s/^T .* \(.*\)$/extern int \1();/p'\'' -e '\''s/^[ABCDGIRSTW]* .* \(.*\)$/extern char \1;/p'\'''
lt_cv_sys_max_cmd_len=1572864
lt_cv_to_host_file_cmd=func_convert_file_noop
lt_cv_to_tool_file_cmd=func_convert_file_noop

## ----------------- ##
## Output variables. ##
## ----------------- ##

ACLOCAL='${SHELL} /mnt/ssd/terry/workspace/atlas/libs/libatomic_ops-7.4.0/missing aclocal-1.13'
AMDEPBACKSLASH='\'
AMDEP_FALSE='#'
AMDEP_TRUE=''
AMTAR='$${TAR-tar}'
AM_BACKSLASH='\'
AM_DEFAULT_V='$(AM_DEFAULT_VERBOSITY)'
AM_DEFAULT_VERBOSITY='1'
AM_V='$(V)'
AR='ar'
AUTOCONF='${SHELL} /mnt/ssd/terry/workspace/atlas/libs/libatomic_ops-7.4.0/missing autoconf'
AUTOHEADER='${SHELL} /mnt/ssd/terry/workspace/atlas/libs/libatomic_ops-7.4.0/missing autoheader'
AUTOMAKE='${SHELL} /mnt/ssd/terry/workspace/atlas/libs/libatomic_ops-7.4.0/missing automake-1.13'
AWK='gawk'
CC='gcc'
CCAS='gcc'
CCASDEPMODE='depmode=gcc3'
CCASFLAGS='-g -O2'
CCDEPMODE='depmode=gcc3'
CFLAGS='-Wall -Wextra -g -O2'
CPP='gcc -E'
CPPFLAGS=''
CYGPATH_W='echo'
DEFS='-DHAVE_CONFIG_H'
DEPDIR='.deps'
DLLTOOL='false'
DSYMUTIL=''
DUMPBIN=''
ECHO_C=''
ECHO_N='-n'
ECHO_T=''
EGREP='/bin/grep -E'
EXEEXT=''
FGREP='/bin/grep -F'
GREP='/bin/grep'
HAVE_PTHREAD_H_FALSE='#'
HAVE_PTHREAD_H_TRUE=''
INSTALL_DATA='${INSTALL} -m 644'
INSTALL_PROGRAM='${INSTALL}'
INSTALL_SCRIPT='${INSTALL}'
INSTALL_STRIP_PROGRAM='$(install_sh) -c -s'
LD='/usr/bin/ld -m elf_x86_64'
LDFLAGS=''
LIBOBJS=''
LIBS=''
LIBTOOL='$(SHELL) $(top_builddir)/libtool'
LIPO=''
LN_S='ln -s'
LTLIBOBJS=''
MAINT='#'
MAINTAINER_MODE_FALSE=''
MAINTAINER_MODE_TRUE='#'
MAKEINFO='${SHELL} /mnt/ssd/terry/workspace/atlas/libs/libatomic_ops-7.4.0/missing makeinfo'
MANIFEST_TOOL=':'
MKDIR_P='/bin/mkdir -p'
NEED_ASM_FALSE=''
NEED_ASM_TRUE='#'
NM='/usr/bin/nm -B'
NMEDIT=''
OBJDUMP='objdump'
OBJEXT='o'
OTOOL64=''
OTOOL=''
PACKAGE='libatomic_ops'
PACKAGE_BUGREPORT='gc@linux.hpl.hp.com'
PACKAGE_NAME='libatomic_ops'
PACKAGE_STRING='libatomic_ops 7.4.0'
PACKAGE_TARNAME='libatomic_ops'
PACKAGE_URL=''
PACKAGE_VERSION='7.4.0'
PATH_SEPARATOR=':'
PICFLAG='-fPIC'
RANLIB='ranlib'
SED='/bin/sed'
SET_MAKE=''
SHELL='/bin/bash'
STRIP='strip'
THREADDLLIBS='-lpthread'
VERSION='7.4.0'
ac_ct_AR='ar'
ac_ct_CC='gcc'
ac_ct_DUMPBIN=''
am__EXEEXT_FALSE=''
am__EXEEXT_TRUE='#'
am__fastdepCCAS_FALSE='#'
am__fastdepCCAS_TRUE=''
am__fastdepCC_FALSE='#'
am__fastdepCC_TRUE=''
am__include='include'
am__isrc=''
am__leading_dot='.'
am__nodep='_no'
am__quote=''
am__tar='$${TAR-tar} chof - "$$tardir"'
am__untar='$${TAR-tar} xf -'
bindir='${exec_prefix}/bin'
build='x86_64-unknown-linux-gnu'
build_alias=''
build_cpu='x86_64'
build_os='linux-gnu'
build_vendor='unknown'
datadir='${datarootdir}'
datarootdir='${prefix}/share'
docdir='${datarootdir}/doc/${PACKAGE_TARNAME}'
dvidir='${docdir}'
exec_prefix='${prefix}'
host='x86_64-unknown-linux-gnu'
host_alias=''
host_cpu='x86_64'
host_os='linux-gnu'
host_vendor='unknown'
htmldir='${docdir}'
includedir='${prefix}/include'
infodir='${datarootdir}/info'
install_sh='${SHELL} /mnt/ssd/terry/workspace/atlas/libs/libatomic_ops-7.4.0/install-sh'
libdir='${exec_prefix}/lib'
libexecdir='${exec_prefix}/libexec'
localedir='${datarootdir}/locale'
localstatedir='${prefix}/var'
mandir='${datarootdir}/man'
mkdir_p='$(MKDIR_P)'
oldincludedir='/usr/include'
pdfdir='${docdir}'
prefix='/mnt/ssd/terry/workspace/atlas/libs/libatomic_ops-7.4.0-build'
program_transform_name='s,x,x,'
psdir='${docdir}'
sbindir='${exec_prefix}/sbin'
sharedstatedir='${prefix}/com'
sysconfdir='${prefix}/etc'
target='x86_64-unknown-linux-gnu'
target_alias=''
target_cpu='x86_64'
target_os='linux-gnu'
target_vendor='unknown'

## ----------- ##
## confdefs.h. ##
## ----------- ##

/* confdefs.h */
#define PACKAGE_NAME "libatomic_ops"
#define PACKAGE_TARNAME "libatomic_ops"
#define PACKAGE_VERSION "7.4.0"
#define PACKAGE_STRING "libatomic_ops 7.4.0"
#define PACKAGE_BUGREPORT "gc@linux.hpl.hp.com"
#define PACKAGE_URL ""
#define PACKAGE "libatomic_ops"
#define VERSION "7.4.0"
#define STDC_HEADERS 1
#define HAVE_SYS_TYPES_H 1
#define HAVE_SYS_STAT_H 1
#define HAVE_STDLIB_H 1
#define HAVE_STRING_H 1
#define HAVE_MEMORY_H 1
#define HAVE_STRINGS_H 1
#define HAVE_INTTYPES_H 1
#define HAVE_STDINT_H 1
#define HAVE_UNISTD_H 1
#define HAVE_DLFCN_H 1
#define LT_OBJDIR ".libs/"
#define HAVE_STDLIB_H 1
#define HAVE_UNISTD_H 1
#define HAVE_SYS_PARAM_H 1
#define HAVE_GETPAGESIZE 1
#define HAVE_MMAP 1
#define NDEBUG 1
#define _REENTRANT 1

configure: exit 0
